[2024-09-06T15:11:52.856] [INFO] debug-file - Finished :entry:default@PreviewArkTS... after 9 s 512 ms 
[2024-09-06T15:11:52.858] [DEBUG] debug-file - Executing task :entry:PreviewBuild
[2024-09-06T15:11:52.858] [DEBUG] debug-file - entry : PreviewBuild cost memory 0.01158905029296875
[2024-09-06T15:11:52.858] [DEBUG] debug-file - runTaskFromQueue task cost before running: 10 s 199 ms 
[2024-09-06T15:11:52.858] [INFO] debug-file - Finished :entry:PreviewBuild... after 1 ms 
[2024-09-06T15:11:52.859] [DEBUG] debug-file - BUILD SUCCESSFUL in 10 s 200 ms 
[2024-09-06T15:11:52.860] [DEBUG] debug-file - There is no need to refresh cache, since the incremental task entry:default@PreBuild is up-to-date.
[2024-09-06T15:11:52.860] [DEBUG] debug-file - There is no need to refresh cache, since the incremental task entry:default@MergeProfile is up-to-date.
[2024-09-06T15:11:52.860] [DEBUG] debug-file - There is no need to refresh cache, since the incremental task entry:default@CreateBuildProfile is up-to-date.
[2024-09-06T15:11:52.860] [DEBUG] debug-file - Update task entry:default@GeneratePkgContextInfo output file:/Users/Mac/Desktop/GitSync/LearnHarmonyOS/LearnHarmonyOS/entry/.preview/default/intermediates/loader/default/pkgContextInfo.json cache.
[2024-09-06T15:11:52.860] [DEBUG] debug-file - Incremental task entry:default@GeneratePkgContextInfo post-execution cost:1 ms .
[2024-09-06T15:11:52.860] [DEBUG] debug-file - There is no need to refresh cache, since the incremental task entry:default@ProcessProfile is up-to-date.
[2024-09-06T15:11:52.860] [DEBUG] debug-file - There is no need to refresh cache, since the incremental task entry:default@ProcessRouterMap is up-to-date.
[2024-09-06T15:11:52.860] [DEBUG] debug-file - There is no need to refresh cache, since the incremental task entry:default@GenerateLoaderJson is up-to-date.
[2024-09-06T15:11:52.861] [DEBUG] debug-file - Update task entry:default@PreviewCompileResource input file:/Users/Mac/Desktop/GitSync/LearnHarmonyOS/LearnHarmonyOS/entry/src/main/resources cache by regenerate.
[2024-09-06T15:11:52.862] [DEBUG] debug-file - Update task entry:default@PreviewCompileResource input file:/Users/Mac/Desktop/GitSync/LearnHarmonyOS/LearnHarmonyOS/entry/.preview/default/intermediates/merge_profile/default/module.json cache by regenerate.
[2024-09-06T15:11:52.862] [DEBUG] debug-file - Update task entry:default@PreviewCompileResource output file:/Users/Mac/Desktop/GitSync/LearnHarmonyOS/LearnHarmonyOS/entry/.preview/default/intermediates/res/default cache.
[2024-09-06T15:11:52.865] [DEBUG] debug-file - Update task entry:default@PreviewCompileResource output file:/Users/Mac/Desktop/GitSync/LearnHarmonyOS/LearnHarmonyOS/entry/.preview/default/generated/r/default cache.
[2024-09-06T15:11:52.865] [DEBUG] debug-file - Incremental task entry:default@PreviewCompileResource post-execution cost:5 ms .
[2024-09-06T15:11:52.865] [DEBUG] debug-file - Update task entry:default@CopyPreviewProfile input file:/Users/Mac/Desktop/GitSync/LearnHarmonyOS/LearnHarmonyOS/entry/src/main/resources/base/profile cache by regenerate.
[2024-09-06T15:11:52.865] [DEBUG] debug-file - Update task entry:default@CopyPreviewProfile output file:/Users/Mac/Desktop/GitSync/LearnHarmonyOS/LearnHarmonyOS/entry/.preview/default/intermediates/res/default/resources/base/profile cache.
[2024-09-06T15:11:52.865] [DEBUG] debug-file - Incremental task entry:default@CopyPreviewProfile post-execution cost:1 ms .
[2024-09-06T15:11:52.866] [DEBUG] debug-file - Update task entry:default@PreviewUpdateAssets output file:/Users/Mac/Desktop/GitSync/LearnHarmonyOS/LearnHarmonyOS/entry/.preview/default/intermediates/res/default/module.json cache.
[2024-09-06T15:11:52.866] [DEBUG] debug-file - Update task entry:default@PreviewUpdateAssets output file:/Users/Mac/Desktop/GitSync/LearnHarmonyOS/LearnHarmonyOS/entry/.preview/default/intermediates/res/default/resources/base/profile/main_pages.json cache.
[2024-09-06T15:11:52.866] [DEBUG] debug-file - Incremental task entry:default@PreviewUpdateAssets post-execution cost:1 ms .
[2024-09-06T15:11:52.867] [DEBUG] debug-file - Update task entry:default@PreviewArkTS input file:/Users/Mac/Desktop/GitSync/LearnHarmonyOS/LearnHarmonyOS/entry/.preview/default/intermediates/loader/default cache by regenerate.
[2024-09-06T15:11:52.867] [DEBUG] debug-file - Update task entry:default@PreviewArkTS input file:/Users/Mac/Desktop/GitSync/LearnHarmonyOS/LearnHarmonyOS/entry/.preview/default/intermediates/res/default/ResourceTable.txt cache from map.
[2024-09-06T15:11:52.867] [DEBUG] debug-file - Update task entry:default@PreviewArkTS input file:/Users/Mac/Desktop/GitSync/LearnHarmonyOS/LearnHarmonyOS/entry/.preview/default/intermediates/res/default/module.json cache by regenerate.
[2024-09-06T15:11:52.867] [DEBUG] debug-file - Update task entry:default@PreviewArkTS input file:/Users/Mac/Desktop/GitSync/LearnHarmonyOS/LearnHarmonyOS/entry/.preview/default/intermediates/res/default/resources/base/profile cache by regenerate.
[2024-09-06T15:11:52.868] [DEBUG] debug-file - Update task entry:default@PreviewArkTS input file:/Users/Mac/Desktop/GitSync/LearnHarmonyOS/LearnHarmonyOS/entry/src/main/ets cache by regenerate.
[2024-09-06T15:11:52.868] [DEBUG] debug-file - Update task entry:default@PreviewArkTS input file:/Users/Mac/Desktop/GitSync/LearnHarmonyOS/LearnHarmonyOS/entry/.preview/default/generated/profile/default/BuildProfile.ets cache by regenerate.
[2024-09-06T15:11:52.868] [DEBUG] debug-file - Update task entry:default@PreviewArkTS input file:/Users/Mac/Desktop/GitSync/LearnHarmonyOS/LearnHarmonyOS/entry/src/mock/mock-config.json5 cache by regenerate.
[2024-09-06T15:11:52.869] [DEBUG] debug-file - Update task entry:default@PreviewArkTS output file:/Users/Mac/Desktop/GitSync/LearnHarmonyOS/LearnHarmonyOS/entry/.preview/default/intermediates/loader_out/default/ets cache.
[2024-09-06T15:11:52.869] [DEBUG] debug-file - Incremental task entry:default@PreviewArkTS post-execution cost:3 ms .
[2024-09-06T15:11:52.881] [DEBUG] debug-file - There's no busy workers and idle workers need cleanup.
[2024-09-06T15:11:52.882] [DEBUG] debug-file - hvigor build process will be closed.
[2024-09-06T15:51:45.446] [DEBUG] debug-file - watch worker: send response to session manager. Response type: WatchStart
[2024-09-06T15:51:45.455] [DEBUG] debug-file - session manager: watch message received from worker 1. Type: WatchStart
[2024-09-06T15:51:47.198] [DEBUG] debug-file - watch worker: send response to session manager. Response type: WatchLog
[2024-09-06T15:51:47.201] [DEBUG] debug-file - session manager: watch message received from worker 1. Type: WatchLog
[2024-09-06T15:51:47.198] [DEBUG] debug-file - watch worker: send response to session manager. Response type: WatchLog
[2024-09-06T15:51:47.202] [DEBUG] debug-file - session manager: watch message received from worker 1. Type: WatchLog
[2024-09-06T15:51:47.198] [DEBUG] debug-file - watch worker: send response to session manager. Response type: WatchLog
[2024-09-06T15:51:47.203] [DEBUG] debug-file - session manager: watch message received from worker 1. Type: WatchLog
[2024-09-06T15:51:47.331] [DEBUG] debug-file - watch worker: send response to session manager. Response type: WatchLog
[2024-09-06T15:51:47.332] [DEBUG] debug-file - session manager: watch message received from worker 1. Type: WatchLog
[2024-09-06T15:51:48.002] [DEBUG] debug-file - watch worker: send response to session manager. Response type: WatchLog
[2024-09-06T15:51:48.005] [DEBUG] debug-file - session manager: watch message received from worker 1. Type: WatchLog
[2024-09-06T15:51:48.004] [DEBUG] debug-file - watch worker: send response to session manager. Response type: WatchResult
[2024-09-06T15:51:48.006] [DEBUG] debug-file - session manager: watch message received from worker 1. Type: WatchResult
[2024-09-06T15:51:59.129] [DEBUG] debug-file - watch worker: send response to session manager. Response type: WatchStart
[2024-09-06T15:51:59.132] [DEBUG] debug-file - session manager: watch message received from worker 1. Type: WatchStart
[2024-09-06T15:51:59.874] [DEBUG] debug-file - watch worker: send response to session manager. Response type: WatchLog
[2024-09-06T15:51:59.877] [DEBUG] debug-file - session manager: watch message received from worker 1. Type: WatchLog
[2024-09-06T15:51:59.875] [DEBUG] debug-file - watch worker: send response to session manager. Response type: WatchLog
[2024-09-06T15:51:59.879] [DEBUG] debug-file - session manager: watch message received from worker 1. Type: WatchLog
[2024-09-06T15:52:00.030] [DEBUG] debug-file - watch worker: send response to session manager. Response type: WatchLog
[2024-09-06T15:52:00.033] [DEBUG] debug-file - session manager: watch message received from worker 1. Type: WatchLog
[2024-09-06T15:52:00.214] [DEBUG] debug-file - watch worker: send response to session manager. Response type: WatchLog
[2024-09-06T15:52:00.217] [DEBUG] debug-file - session manager: watch message received from worker 1. Type: WatchLog
[2024-09-06T15:52:00.215] [DEBUG] debug-file - watch worker: send response to session manager. Response type: WatchResult
[2024-09-06T15:52:00.219] [DEBUG] debug-file - session manager: watch message received from worker 1. Type: WatchResult
[2024-09-06T15:52:16.592] [DEBUG] debug-file - watch worker: send response to session manager. Response type: WatchStart
[2024-09-06T15:52:16.595] [DEBUG] debug-file - session manager: watch message received from worker 1. Type: WatchStart
[2024-09-06T15:52:17.061] [DEBUG] debug-file - watch worker: send response to session manager. Response type: WatchLog
[2024-09-06T15:52:17.063] [DEBUG] debug-file - session manager: watch message received from worker 1. Type: WatchLog
[2024-09-06T15:52:17.061] [DEBUG] debug-file - watch worker: send response to session manager. Response type: WatchLog
[2024-09-06T15:52:17.064] [DEBUG] debug-file - session manager: watch message received from worker 1. Type: WatchLog
[2024-09-06T15:52:17.108] [DEBUG] debug-file - watch worker: send response to session manager. Response type: WatchLog
[2024-09-06T15:52:17.109] [DEBUG] debug-file - session manager: watch message received from worker 1. Type: WatchLog
[2024-09-06T15:52:17.202] [DEBUG] debug-file - watch worker: send response to session manager. Response type: WatchLog
[2024-09-06T15:52:17.204] [DEBUG] debug-file - session manager: watch message received from worker 1. Type: WatchLog
[2024-09-06T15:52:17.202] [DEBUG] debug-file - watch worker: send response to session manager. Response type: WatchResult
[2024-09-06T15:52:17.205] [DEBUG] debug-file - session manager: watch message received from worker 1. Type: WatchResult
[2024-09-06T15:53:04.018] [DEBUG] debug-file - watch worker: send response to session manager. Response type: WatchStart
[2024-09-06T15:53:04.019] [DEBUG] debug-file - session manager: watch message received from worker 1. Type: WatchStart
[2024-09-06T15:53:04.529] [DEBUG] debug-file - watch worker: send response to session manager. Response type: WatchLog
[2024-09-06T15:53:04.532] [DEBUG] debug-file - session manager: watch message received from worker 1. Type: WatchLog
[2024-09-06T15:53:04.529] [DEBUG] debug-file - watch worker: send response to session manager. Response type: WatchLog
[2024-09-06T15:53:04.533] [DEBUG] debug-file - session manager: watch message received from worker 1. Type: WatchLog
[2024-09-06T15:53:04.530] [DEBUG] debug-file - watch worker: send response to session manager. Response type: WatchLog
[2024-09-06T15:53:04.533] [DEBUG] debug-file - session manager: watch message received from worker 1. Type: WatchLog
[2024-09-06T15:53:04.563] [DEBUG] debug-file - watch worker: send response to session manager. Response type: WatchLog
[2024-09-06T15:53:04.565] [DEBUG] debug-file - session manager: watch message received from worker 1. Type: WatchLog
[2024-09-06T15:53:04.700] [DEBUG] debug-file - watch worker: send response to session manager. Response type: WatchLog
[2024-09-06T15:53:04.701] [DEBUG] debug-file - session manager: watch message received from worker 1. Type: WatchLog
[2024-09-06T15:53:04.700] [DEBUG] debug-file - watch worker: send response to session manager. Response type: WatchLog
[2024-09-06T15:53:04.703] [DEBUG] debug-file - session manager: watch message received from worker 1. Type: WatchLog
[2024-09-06T15:53:04.700] [DEBUG] debug-file - watch worker: send response to session manager. Response type: WatchResult
[2024-09-06T15:53:04.703] [DEBUG] debug-file - session manager: watch message received from worker 1. Type: WatchResult
[2024-09-06T15:53:07.154] [DEBUG] debug-file - watch worker: send response to session manager. Response type: WatchStart
[2024-09-06T15:53:07.155] [DEBUG] debug-file - session manager: watch message received from worker 1. Type: WatchStart
[2024-09-06T15:53:07.831] [DEBUG] debug-file - watch worker: send response to session manager. Response type: WatchLog
[2024-09-06T15:53:07.832] [DEBUG] debug-file - session manager: watch message received from worker 1. Type: WatchLog
[2024-09-06T15:53:07.831] [DEBUG] debug-file - watch worker: send response to session manager. Response type: WatchLog
[2024-09-06T15:53:07.832] [DEBUG] debug-file - session manager: watch message received from worker 1. Type: WatchLog
[2024-09-06T15:53:07.855] [DEBUG] debug-file - watch worker: send response to session manager. Response type: WatchLog
[2024-09-06T15:53:07.857] [DEBUG] debug-file - session manager: watch message received from worker 1. Type: WatchLog
[2024-09-06T15:53:07.931] [DEBUG] debug-file - watch worker: send response to session manager. Response type: WatchLog
[2024-09-06T15:53:07.932] [DEBUG] debug-file - session manager: watch message received from worker 1. Type: WatchLog
[2024-09-06T15:53:07.931] [DEBUG] debug-file - watch worker: send response to session manager. Response type: WatchLog
[2024-09-06T15:53:07.933] [DEBUG] debug-file - session manager: watch message received from worker 1. Type: WatchLog
[2024-09-06T15:53:07.931] [DEBUG] debug-file - watch worker: send response to session manager. Response type: WatchResult
[2024-09-06T15:53:07.933] [DEBUG] debug-file - session manager: watch message received from worker 1. Type: WatchResult
[2024-09-06T15:53:26.281] [DEBUG] debug-file - watch worker: send response to session manager. Response type: WatchStart
[2024-09-06T15:53:26.283] [DEBUG] debug-file - session manager: watch message received from worker 1. Type: WatchStart
[2024-09-06T15:53:26.982] [DEBUG] debug-file - watch worker: send response to session manager. Response type: WatchLog
[2024-09-06T15:53:26.983] [DEBUG] debug-file - session manager: watch message received from worker 1. Type: WatchLog
[2024-09-06T15:53:26.982] [DEBUG] debug-file - watch worker: send response to session manager. Response type: WatchLog
[2024-09-06T15:53:26.984] [DEBUG] debug-file - session manager: watch message received from worker 1. Type: WatchLog
[2024-09-06T15:53:27.124] [DEBUG] debug-file - watch worker: send response to session manager. Response type: WatchLog
[2024-09-06T15:53:27.125] [DEBUG] debug-file - session manager: watch message received from worker 1. Type: WatchLog
[2024-09-06T15:53:27.125] [DEBUG] debug-file - watch worker: send response to session manager. Response type: WatchLog
[2024-09-06T15:53:27.126] [DEBUG] debug-file - session manager: watch message received from worker 1. Type: WatchLog
[2024-09-06T15:53:27.125] [DEBUG] debug-file - watch worker: send response to session manager. Response type: WatchLog
[2024-09-06T15:53:27.127] [DEBUG] debug-file - session manager: watch message received from worker 1. Type: WatchLog
[2024-09-06T15:53:27.126] [DEBUG] debug-file - watch worker: send response to session manager. Response type: WatchResult
[2024-09-06T15:53:27.127] [DEBUG] debug-file - session manager: watch message received from worker 1. Type: WatchResult
[2024-09-06T15:53:41.584] [DEBUG] debug-file - watch worker: send response to session manager. Response type: WatchStart
[2024-09-06T15:53:41.587] [DEBUG] debug-file - session manager: watch message received from worker 1. Type: WatchStart
[2024-09-06T15:53:42.011] [DEBUG] debug-file - watch worker: send response to session manager. Response type: WatchLog
[2024-09-06T15:53:42.012] [DEBUG] debug-file - session manager: watch message received from worker 1. Type: WatchLog
[2024-09-06T15:53:42.012] [DEBUG] debug-file - watch worker: send response to session manager. Response type: WatchLog
[2024-09-06T15:53:42.013] [DEBUG] debug-file - session manager: watch message received from worker 1. Type: WatchLog
[2024-09-06T15:53:42.034] [DEBUG] debug-file - watch worker: send response to session manager. Response type: WatchLog
[2024-09-06T15:53:42.041] [DEBUG] debug-file - session manager: watch message received from worker 1. Type: WatchLog
[2024-09-06T15:53:42.127] [DEBUG] debug-file - watch worker: send response to session manager. Response type: WatchLog
[2024-09-06T15:53:42.128] [DEBUG] debug-file - session manager: watch message received from worker 1. Type: WatchLog
[2024-09-06T15:53:42.128] [DEBUG] debug-file - watch worker: send response to session manager. Response type: WatchLog
[2024-09-06T15:53:42.129] [DEBUG] debug-file - session manager: watch message received from worker 1. Type: WatchLog
[2024-09-06T15:53:42.128] [DEBUG] debug-file - watch worker: send response to session manager. Response type: WatchLog
[2024-09-06T15:53:42.130] [DEBUG] debug-file - session manager: watch message received from worker 1. Type: WatchLog
[2024-09-06T15:53:42.128] [DEBUG] debug-file - watch worker: send response to session manager. Response type: WatchResult
[2024-09-06T15:53:42.132] [DEBUG] debug-file - session manager: watch message received from worker 1. Type: WatchResult
